{
  "RSpec": {
    "coverage": {
      "/home/saasbook/cit601/week8/new/mini-twitter/app/models/user.rb": [
        1,
        null,
        null,
        1,
        null,
        null,
        null,
        1,
        null,
        null,
        1,
        1,
        1,
        null,
        1,
        1,
        null,
        1,
        0,
        null,
        0,
        null,
        null,
        null,
        1,
        0,
        null,
        0,
        null,
        null,
        null,
        1,
        0,
        null,
        null
      ],
      "/home/saasbook/cit601/week8/new/mini-twitter/app/models/relationship.rb": [
        1,
        1,
        1,
        1,
        1,
        null
      ],
      "/home/saasbook/cit601/week8/new/mini-twitter/app/controllers/application_controller.rb": [
        1,
        1,
        1,
        null,
        1,
        0,
        null,
        null
      ],
      "/home/saasbook/cit601/week8/new/mini-twitter/app/helpers/application_helper.rb": [
        1,
        null
      ],
      "/home/saasbook/cit601/week8/new/mini-twitter/app/helpers/homepage_helper.rb": [
        1,
        null
      ],
      "/home/saasbook/cit601/week8/new/mini-twitter/app/helpers/posts_helper.rb": [
        1,
        null
      ],
      "/home/saasbook/cit601/week8/new/mini-twitter/app/helpers/relationships_helper.rb": [
        1,
        null
      ],
      "/home/saasbook/cit601/week8/new/mini-twitter/app/helpers/users_helper.rb": [
        1,
        null
      ],
      "/home/saasbook/cit601/week8/new/mini-twitter/app/controllers/homepage_controller.rb": [
        1,
        1,
        0,
        0,
        0,
        0,
        null,
        null,
        null
      ],
      "/home/saasbook/cit601/week8/new/mini-twitter/app/controllers/posts_controller.rb": [
        1,
        1,
        null,
        1,
        2,
        1,
        null,
        null,
        1,
        0,
        0,
        null,
        null
      ],
      "/home/saasbook/cit601/week8/new/mini-twitter/app/models/post.rb": [
        1,
        1,
        1,
        null,
        1,
        0,
        null,
        null,
        null
      ],
      "/home/saasbook/cit601/week8/new/mini-twitter/app/controllers/relationships_controller.rb": [
        1,
        1,
        0,
        0,
        null,
        0,
        0,
        0,
        null,
        0,
        null,
        null,
        null
      ],
      "/home/saasbook/cit601/week8/new/mini-twitter/app/controllers/users_controller.rb": [
        1,
        null,
        1,
        0,
        null,
        null,
        1,
        0,
        0,
        null,
        null,
        1,
        0,
        0,
        0,
        0,
        null,
        null,
        null,
        1,
        0,
        0,
        0,
        0,
        null,
        null,
        null,
        1,
        0,
        0,
        null,
        null,
        null
      ],
      "/home/saasbook/cit601/week8/new/mini-twitter/app/models/ability.rb": [
        1,
        1,
        null,
        1,
        null,
        null,
        null,
        null,
        null,
        null,
        null,
        0,
        null,
        null,
        null,
        null,
        null,
        null,
        null,
        null,
        null,
        null,
        null,
        null,
        null,
        null,
        null,
        null,
        null,
        null,
        null,
        null,
        null
      ]
    },
    "timestamp": 1419804930
  }
}
